  Game.cpp
C:\Users\Ученик\Documents\GitHub\Security-guard\Security-guard\Security-guard\Map.h(23,10): error C2365: Map::renderer: переопределение; предыдущим определением было "данные-член"
  (компиляция исходного файла "Game.cpp")
  C:\Users\Ученик\Documents\GitHub\Security-guard\Security-guard\Security-guard\Map.h(6,19):
   см. объявление "Map::renderer"
  
C:\Users\Ученик\Documents\GitHub\Security-guard\Security-guard\Security-guard\Security.h(53,16): error C2365: Security::onDeath: переопределение; предыдущим определением было "данные-член"
  (компиляция исходного файла "Game.cpp")
  C:\Users\Ученик\Documents\GitHub\Security-guard\Security-guard\Security-guard\Security.h(17,9):
   см. объявление "Security::onDeath"
  
C:\Users\Ученик\Documents\GitHub\Security-guard\Security-guard\Security-guard\Security.h(57,16): error C2535: const bool Security::loadTexture(const std::string &): функция-член уже определена или объявлена
  (компиляция исходного файла "Game.cpp")
  C:\Users\Ученик\Documents\GitHub\Security-guard\Security-guard\Security-guard\Security.h(54,16):
   см. объявление "Security::loadTexture"
  
C:\Users\Ученик\Documents\GitHub\Security-guard\Security-guard\Security-guard\Security.h(61,13): error C2561: Security::loadTexture: функция должна возвращать значение
  (компиляция исходного файла "Game.cpp")
  C:\Users\Ученик\Documents\GitHub\Security-guard\Security-guard\Security-guard\Security.h(57,16):
   см. объявление "Security::loadTexture"
  
C:\Users\Ученик\Documents\GitHub\Security-guard\Security-guard\Security-guard\Security.h(67,13): error C2561: Security::loadTexture: функция должна возвращать значение
  (компиляция исходного файла "Game.cpp")
  C:\Users\Ученик\Documents\GitHub\Security-guard\Security-guard\Security-guard\Security.h(57,16):
   см. объявление "Security::loadTexture"
  
C:\Users\Ученик\Documents\GitHub\Security-guard\Security-guard\Security-guard\Habit.h(20,6): error C2365: Habit::Negativequalities: переопределение; предыдущим определением было "данные-член"
  (компиляция исходного файла "Game.cpp")
  C:\Users\Ученик\Documents\GitHub\Security-guard\Security-guard\Security-guard\Habit.h(10,6):
   см. объявление "Habit::Negativequalities"
  
C:\Users\Ученик\Documents\GitHub\Security-guard\Security-guard\Security-guard\Habit.h(21,3): error C2059: синтаксическая ошибка: return
  (компиляция исходного файла "Game.cpp")
  
C:\Users\Ученик\Documents\GitHub\Security-guard\Security-guard\Security-guard\Habit.h(21,27): error C2238: непредвиденные лексемы перед ";"
  (компиляция исходного файла "Game.cpp")
  
C:\Users\Ученик\Documents\GitHub\Security-guard\Security-guard\Security-guard\Habit.h(23,2): error C2628: недопустимый "Habit" с последующим "void" (возможно, отсутствует ";")
  (компиляция исходного файла "Game.cpp")
  
C:\Users\Ученик\Documents\GitHub\Security-guard\Security-guard\Security-guard\Habit.h(24,3): error C2065: Name: необъявленный идентификатор
  (компиляция исходного файла "Game.cpp")
  
C:\Users\Ученик\Documents\GitHub\Security-guard\Security-guard\Security-guard\Habit.h(27,3): error C2065: Positivequalities: необъявленный идентификатор
  (компиляция исходного файла "Game.cpp")
  
C:\Users\Ученик\Documents\GitHub\Security-guard\Security-guard\Security-guard\Habit.h(30,3): error C2065: Negativequalities: необъявленный идентификатор
  (компиляция исходного файла "Game.cpp")
  
C:\Users\Ученик\Documents\GitHub\Security-guard\Security-guard\Security-guard\Habit.h(32,1): error C2059: синтаксическая ошибка: }
  (компиляция исходного файла "Game.cpp")
  
C:\Users\Ученик\Documents\GitHub\Security-guard\Security-guard\Security-guard\Habit.h(32,1): error C2143: синтаксическая ошибка: отсутствие ";" перед "}"
  (компиляция исходного файла "Game.cpp")
  
  Habit.cpp
C:\Users\Ученик\Documents\GitHub\Security-guard\Security-guard\Security-guard\Habit.h(20,6): error C2365: Habit::Negativequalities: переопределение; предыдущим определением было "данные-член"
  (компиляция исходного файла "Habit.cpp")
  C:\Users\Ученик\Documents\GitHub\Security-guard\Security-guard\Security-guard\Habit.h(10,6):
   см. объявление "Habit::Negativequalities"
  
C:\Users\Ученик\Documents\GitHub\Security-guard\Security-guard\Security-guard\Habit.h(21,3): error C2059: синтаксическая ошибка: return
  (компиляция исходного файла "Habit.cpp")
  
C:\Users\Ученик\Documents\GitHub\Security-guard\Security-guard\Security-guard\Habit.h(21,27): error C2238: непредвиденные лексемы перед ";"
  (компиляция исходного файла "Habit.cpp")
  
C:\Users\Ученик\Documents\GitHub\Security-guard\Security-guard\Security-guard\Habit.h(23,2): error C2628: недопустимый "Habit" с последующим "void" (возможно, отсутствует ";")
  (компиляция исходного файла "Habit.cpp")
  
C:\Users\Ученик\Documents\GitHub\Security-guard\Security-guard\Security-guard\Habit.h(24,3): error C2065: Name: необъявленный идентификатор
  (компиляция исходного файла "Habit.cpp")
  
C:\Users\Ученик\Documents\GitHub\Security-guard\Security-guard\Security-guard\Habit.h(27,3): error C2065: Positivequalities: необъявленный идентификатор
  (компиляция исходного файла "Habit.cpp")
  
C:\Users\Ученик\Documents\GitHub\Security-guard\Security-guard\Security-guard\Habit.h(30,3): error C2065: Negativequalities: необъявленный идентификатор
  (компиляция исходного файла "Habit.cpp")
  
C:\Users\Ученик\Documents\GitHub\Security-guard\Security-guard\Security-guard\Habit.h(32,1): error C2059: синтаксическая ошибка: }
  (компиляция исходного файла "Habit.cpp")
  
C:\Users\Ученик\Documents\GitHub\Security-guard\Security-guard\Security-guard\Habit.h(32,1): error C2143: синтаксическая ошибка: отсутствие ";" перед "}"
  (компиляция исходного файла "Habit.cpp")
  
  Item.cpp
C:\Users\Ученик\Documents\GitHub\Security-guard\Security-guard\Security-guard\Map.h(23,10): error C2365: Map::renderer: переопределение; предыдущим определением было "данные-член"
  (компиляция исходного файла "Item.cpp")
  C:\Users\Ученик\Documents\GitHub\Security-guard\Security-guard\Security-guard\Map.h(6,19):
   см. объявление "Map::renderer"
  
  Map.cpp
C:\Users\Ученик\Documents\GitHub\Security-guard\Security-guard\Security-guard\Map.h(23,10): error C2365: Map::renderer: переопределение; предыдущим определением было "данные-член"
  (компиляция исходного файла "Map.cpp")
  C:\Users\Ученик\Documents\GitHub\Security-guard\Security-guard\Security-guard\Map.h(6,19):
   см. объявление "Map::renderer"
  
C:\Users\Ученик\Documents\GitHub\Security-guard\Security-guard\Security-guard\Map.cpp(23,22): error C2063: Map::renderer: не является функцией
  Menu.cpp
  Security-guard.cpp
C:\Users\Ученик\Documents\GitHub\Security-guard\Security-guard\Security-guard\Map.h(23,10): error C2365: Map::renderer: переопределение; предыдущим определением было "данные-член"
  (компиляция исходного файла "Security-guard.cpp")
  C:\Users\Ученик\Documents\GitHub\Security-guard\Security-guard\Security-guard\Map.h(6,19):
   см. объявление "Map::renderer"
  
C:\Users\Ученик\Documents\GitHub\Security-guard\Security-guard\Security-guard\Security.h(53,16): error C2365: Security::onDeath: переопределение; предыдущим определением было "данные-член"
  (компиляция исходного файла "Security-guard.cpp")
  C:\Users\Ученик\Documents\GitHub\Security-guard\Security-guard\Security-guard\Security.h(17,9):
   см. объявление "Security::onDeath"
  
C:\Users\Ученик\Documents\GitHub\Security-guard\Security-guard\Security-guard\Security.h(57,16): error C2535: const bool Security::loadTexture(const std::string &): функция-член уже определена или объявлена
  (компиляция исходного файла "Security-guard.cpp")
  C:\Users\Ученик\Documents\GitHub\Security-guard\Security-guard\Security-guard\Security.h(54,16):
   см. объявление "Security::loadTexture"
  
C:\Users\Ученик\Documents\GitHub\Security-guard\Security-guard\Security-guard\Security.h(61,13): error C2561: Security::loadTexture: функция должна возвращать значение
  (компиляция исходного файла "Security-guard.cpp")
  C:\Users\Ученик\Documents\GitHub\Security-guard\Security-guard\Security-guard\Security.h(57,16):
   см. объявление "Security::loadTexture"
  
C:\Users\Ученик\Documents\GitHub\Security-guard\Security-guard\Security-guard\Security.h(67,13): error C2561: Security::loadTexture: функция должна возвращать значение
  (компиляция исходного файла "Security-guard.cpp")
  C:\Users\Ученик\Documents\GitHub\Security-guard\Security-guard\Security-guard\Security.h(57,16):
   см. объявление "Security::loadTexture"
  
C:\Users\Ученик\Documents\GitHub\Security-guard\Security-guard\Security-guard\Habit.h(20,6): error C2365: Habit::Negativequalities: переопределение; предыдущим определением было "данные-член"
  (компиляция исходного файла "Security-guard.cpp")
  C:\Users\Ученик\Documents\GitHub\Security-guard\Security-guard\Security-guard\Habit.h(10,6):
   см. объявление "Habit::Negativequalities"
  
C:\Users\Ученик\Documents\GitHub\Security-guard\Security-guard\Security-guard\Habit.h(21,3): error C2059: синтаксическая ошибка: return
  (компиляция исходного файла "Security-guard.cpp")
  
C:\Users\Ученик\Documents\GitHub\Security-guard\Security-guard\Security-guard\Habit.h(21,27): error C2238: непредвиденные лексемы перед ";"
  (компиляция исходного файла "Security-guard.cpp")
  
C:\Users\Ученик\Documents\GitHub\Security-guard\Security-guard\Security-guard\Habit.h(23,2): error C2628: недопустимый "Habit" с последующим "void" (возможно, отсутствует ";")
  (компиляция исходного файла "Security-guard.cpp")
  
C:\Users\Ученик\Documents\GitHub\Security-guard\Security-guard\Security-guard\Habit.h(24,3): error C2065: Name: необъявленный идентификатор
  (компиляция исходного файла "Security-guard.cpp")
  
C:\Users\Ученик\Documents\GitHub\Security-guard\Security-guard\Security-guard\Habit.h(27,3): error C2065: Positivequalities: необъявленный идентификатор
  (компиляция исходного файла "Security-guard.cpp")
  
C:\Users\Ученик\Documents\GitHub\Security-guard\Security-guard\Security-guard\Habit.h(30,3): error C2065: Negativequalities: необъявленный идентификатор
  (компиляция исходного файла "Security-guard.cpp")
  
C:\Users\Ученик\Documents\GitHub\Security-guard\Security-guard\Security-guard\Habit.h(32,1): error C2059: синтаксическая ошибка: }
  (компиляция исходного файла "Security-guard.cpp")
  
C:\Users\Ученик\Documents\GitHub\Security-guard\Security-guard\Security-guard\Habit.h(32,1): error C2143: синтаксическая ошибка: отсутствие ";" перед "}"
  (компиляция исходного файла "Security-guard.cpp")
  
C:\Users\Ученик\Documents\GitHub\Security-guard\Security-guard\Security-guard\Security-guard.cpp(8,10): error C2039: "run": не является членом "Game".
  C:\Users\Ученик\Documents\GitHub\Security-guard\Security-guard\Security-guard\Game.h(8,7):
   см. объявление "Game"
  
  Security.cpp
C:\Users\Ученик\Documents\GitHub\Security-guard\Security-guard\Security-guard\Map.h(23,10): error C2365: Map::renderer: переопределение; предыдущим определением было "данные-член"
  (компиляция исходного файла "Security.cpp")
  C:\Users\Ученик\Documents\GitHub\Security-guard\Security-guard\Security-guard\Map.h(6,19):
   см. объявление "Map::renderer"
  
C:\Users\Ученик\Documents\GitHub\Security-guard\Security-guard\Security-guard\Security.h(53,16): error C2365: Security::onDeath: переопределение; предыдущим определением было "данные-член"
  (компиляция исходного файла "Security.cpp")
  C:\Users\Ученик\Documents\GitHub\Security-guard\Security-guard\Security-guard\Security.h(17,9):
   см. объявление "Security::onDeath"
  
C:\Users\Ученик\Documents\GitHub\Security-guard\Security-guard\Security-guard\Security.h(57,16): error C2535: const bool Security::loadTexture(const std::string &): функция-член уже определена или объявлена
  (компиляция исходного файла "Security.cpp")
  C:\Users\Ученик\Documents\GitHub\Security-guard\Security-guard\Security-guard\Security.h(54,16):
   см. объявление "Security::loadTexture"
  
C:\Users\Ученик\Documents\GitHub\Security-guard\Security-guard\Security-guard\Security.h(60,73): error C2065: endl: необъявленный идентификатор
  (компиляция исходного файла "Security.cpp")
  
C:\Users\Ученик\Documents\GitHub\Security-guard\Security-guard\Security-guard\Security.h(61,13): error C2561: Security::loadTexture: функция должна возвращать значение
  (компиляция исходного файла "Security.cpp")
  C:\Users\Ученик\Documents\GitHub\Security-guard\Security-guard\Security-guard\Security.h(57,16):
   см. объявление "Security::loadTexture"
  
C:\Users\Ученик\Documents\GitHub\Security-guard\Security-guard\Security-guard\Security.h(66,74): error C2065: endl: необъявленный идентификатор
  (компиляция исходного файла "Security.cpp")
  
C:\Users\Ученик\Documents\GitHub\Security-guard\Security-guard\Security-guard\Security.h(67,13): error C2561: Security::loadTexture: функция должна возвращать значение
  (компиляция исходного файла "Security.cpp")
  C:\Users\Ученик\Documents\GitHub\Security-guard\Security-guard\Security-guard\Security.h(57,16):
   см. объявление "Security::loadTexture"
  
C:\Users\Ученик\Documents\GitHub\Security-guard\Security-guard\Security-guard\Habit.h(20,6): error C2365: Habit::Negativequalities: переопределение; предыдущим определением было "данные-член"
  (компиляция исходного файла "Security.cpp")
  C:\Users\Ученик\Documents\GitHub\Security-guard\Security-guard\Security-guard\Habit.h(10,6):
   см. объявление "Habit::Negativequalities"
  
C:\Users\Ученик\Documents\GitHub\Security-guard\Security-guard\Security-guard\Habit.h(21,3): error C2059: синтаксическая ошибка: return
  (компиляция исходного файла "Security.cpp")
  
C:\Users\Ученик\Documents\GitHub\Security-guard\Security-guard\Security-guard\Habit.h(21,27): error C2238: непредвиденные лексемы перед ";"
  (компиляция исходного файла "Security.cpp")
  
C:\Users\Ученик\Documents\GitHub\Security-guard\Security-guard\Security-guard\Habit.h(23,2): error C2628: недопустимый "Habit" с последующим "void" (возможно, отсутствует ";")
  (компиляция исходного файла "Security.cpp")
  
C:\Users\Ученик\Documents\GitHub\Security-guard\Security-guard\Security-guard\Habit.h(24,3): error C2065: Name: необъявленный идентификатор
  (компиляция исходного файла "Security.cpp")
  
C:\Users\Ученик\Documents\GitHub\Security-guard\Security-guard\Security-guard\Habit.h(27,3): error C2065: Positivequalities: необъявленный идентификатор
  (компиляция исходного файла "Security.cpp")
  
C:\Users\Ученик\Documents\GitHub\Security-guard\Security-guard\Security-guard\Habit.h(30,3): error C2065: Negativequalities: необъявленный идентификатор
  (компиляция исходного файла "Security.cpp")
  
C:\Users\Ученик\Documents\GitHub\Security-guard\Security-guard\Security-guard\Habit.h(32,1): error C2059: синтаксическая ошибка: }
  (компиляция исходного файла "Security.cpp")
  
C:\Users\Ученик\Documents\GitHub\Security-guard\Security-guard\Security-guard\Habit.h(32,1): error C2143: синтаксическая ошибка: отсутствие ";" перед "}"
  (компиляция исходного файла "Security.cpp")
  
C:\Users\Ученик\Documents\GitHub\Security-guard\Security-guard\Security-guard\Security.cpp(8,11): error C2084: функция "Security::Security(SDL_Renderer *,Map *)" уже имеет текст реализации
  C:\Users\Ученик\Documents\GitHub\Security-guard\Security-guard\Security-guard\Security.h(37,5):
  см. предыдущее определение "{ctor}"
  
C:\Users\Ученик\Documents\GitHub\Security-guard\Security-guard\Security-guard\Security.cpp(19,12): error C2600: Security::~Security: нельзя определить специальную функцию-член, созданную компилятором (сначала необходимо объявить ее в классе)
C:\Users\Ученик\Documents\GitHub\Security-guard\Security-guard\Security-guard\Security.cpp(64,9): error C2064: результатом вычисления фрагмента не является функция, принимающая 0 аргументов
C:\Users\Ученик\Documents\GitHub\Security-guard\Security-guard\Security-guard\Security.cpp(72,32): error C2063: Security::onDeath: не является функцией
  Student.cpp
C:\Users\Ученик\Documents\GitHub\Security-guard\Security-guard\Security-guard\Map.h(23,10): error C2365: Map::renderer: переопределение; предыдущим определением было "данные-член"
  (компиляция исходного файла "Student.cpp")
  C:\Users\Ученик\Documents\GitHub\Security-guard\Security-guard\Security-guard\Map.h(6,19):
   см. объявление "Map::renderer"
  
  Создание кода...
